/api/v1/snaps/search?confinement=strict%2Cclassic&fields=anon_download_url%2Carchitecture%2Cchannel%2Cdownload_sha3_384%2Csummary%2Cdescription%2Cbinary_filesize%2Cdownload_url%2Cepoch%2Cicon_url%2Clast_updated%2Cpackage_name%2Cprices%2Cpublisher%2Cratings_average%2Crevision%2Cscreenshot_urls%2Csnap_id%2Clicense%2Cbase%2Csupport_url%2Ccontact%2Ctitle%2Ccontent%2Cversion%2Corigin%2Cdeveloper_id%2Cdeveloper_name%2Cdeveloper_validation%2Cprivate%2Cconfinement%2Ccommon_ids&q=opensshd&scope=wide
paramStr = confinement=strict%2Cclassic&fields=anon_download_url%2Carchitecture%2Cchannel%2Cdownload_sha3_384%2Csummary%2Cdescription%2Cbinary_filesize%2Cdownload_url%2Cepoch%2Cicon_url%2Clast_updated%2Cpackage_name%2Cprices%2Cpublisher%2Cratings_average%2Crevision%2Cscreenshot_urls%2Csnap_id%2Clicense%2Cbase%2Csupport_url%2Ccontact%2Ctitle%2Ccontent%2Cversion%2Corigin%2Cdeveloper_id%2Cdeveloper_name%2Cdeveloper_validation%2Cprivate%2Cconfinement%2Ccommon_ids&q=opensshd&scope=wide

params = q=opensshd

SNAP NAME IS:opensshd

JSON INFO:
OpenSSH

{"context":[{"snap-id":"99T7MUlRhtI3U0QFgl5mXXESAiSwt776","instance-key":"99T7MUlRhtI3U0QFgl5mXXESAiSwt776","revision":5328,"tracking-channel":"stable","refreshed-date":"2018-08-31T19:39:54.249321956+03:00"},{"snap-id":"buPKUD3TKqCOgLEjjHx5kSiCpIs5cMuQ","instance-key":"buPKUD3TKqCOgLEjjHx5kSiCpIs5cMuQ","revision":27,"tracking-channel":"stable","refreshed-date":"2018-06-30T11:55:11.548+03:00"},{"snap-id":"JUJH91Ved74jd4ZgJCpzMBtYbPOzTlsD","instance-key":"JUJH91Ved74jd4ZgJCpzMBtYbPOzTlsD","revision":8,"tracking-channel":"stable","refreshed-date":"2018-09-04T13:28:29.96+03:00"},{"snap-id":"vMTKRaLjnOJQetI78HjntT37VuoyssFE","instance-key":"vMTKRaLjnOJQetI78HjntT37VuoyssFE","revision":1871,"tracking-channel":"stable","refreshed-date":"2018-09-11T17:42:57.841062642+03:00"},{"snap-id":"XPQdduIwHiDCZvPHRrmsqV7Nr6nQRuqM","instance-key":"XPQdduIwHiDCZvPHRrmsqV7Nr6nQRuqM","revision":59,"tracking-channel":"stable","refreshed-date":"2018-09-24T10:45:08.812+03:00"}],"actions":[{"action":"install","instance-key":"install-1","name":"opensshd","channel":"stable"}],"fields":["architectures","base","confinement","contact","created-at","description","download","epoch","license","name","prices","private","publisher","revision","snap-id","snap-yaml","summary","title","type","version","media","common-ids"]}


install
opensshd

/api/v1/snaps/download/opensshd_0.1_amd64.snap
opensshd_0.1_amd64.snap

opensshd

opensshd_0.1_amd64.snap

/api/v1/snaps/search?confinement=strict%2Cclassic&fields=anon_download_url%2Carchitecture%2Cchannel%2Cdownload_sha3_384%2Csummary%2Cdescription%2Cbinary_filesize%2Cdownload_url%2Cepoch%2Cicon_url%2Clast_updated%2Cpackage_name%2Cprices%2Cpublisher%2Cratings_average%2Crevision%2Cscreenshot_urls%2Csnap_id%2Clicense%2Cbase%2Csupport_url%2Ccontact%2Ctitle%2Ccontent%2Cversion%2Corigin%2Cdeveloper_id%2Cdeveloper_name%2Cdeveloper_validation%2Cprivate%2Cconfinement%2Ccommon_ids&q=opensshd&scope=wide
paramStr = confinement=strict%2Cclassic&fields=anon_download_url%2Carchitecture%2Cchannel%2Cdownload_sha3_384%2Csummary%2Cdescription%2Cbinary_filesize%2Cdownload_url%2Cepoch%2Cicon_url%2Clast_updated%2Cpackage_name%2Cprices%2Cpublisher%2Cratings_average%2Crevision%2Cscreenshot_urls%2Csnap_id%2Clicense%2Cbase%2Csupport_url%2Ccontact%2Ctitle%2Ccontent%2Cversion%2Corigin%2Cdeveloper_id%2Cdeveloper_name%2Cdeveloper_validation%2Cprivate%2Cconfinement%2Ccommon_ids&q=opensshd&scope=wide

params = q=opensshd

SNAP NAME IS:opensshd

JSON INFO:
OpenSSH

{"context":[{"snap-id":"JUJH91Ved74jd4ZgJCpzMBtYbPOzTlsD","instance-key":"JUJH91Ved74jd4ZgJCpzMBtYbPOzTlsD","revision":8,"tracking-channel":"stable","refreshed-date":"2018-09-04T13:28:29.96+03:00"},{"snap-id":"vMTKRaLjnOJQetI78HjntT37VuoyssFE","instance-key":"vMTKRaLjnOJQetI78HjntT37VuoyssFE","revision":1871,"tracking-channel":"stable","refreshed-date":"2018-09-11T17:42:57.841062642+03:00"},{"snap-id":"XPQdduIwHiDCZvPHRrmsqV7Nr6nQRuqM","instance-key":"XPQdduIwHiDCZvPHRrmsqV7Nr6nQRuqM","revision":59,"tracking-channel":"stable","refreshed-date":"2018-09-24T10:45:08.812+03:00"},{"snap-id":"99T7MUlRhtI3U0QFgl5mXXESAiSwt776","instance-key":"99T7MUlRhtI3U0QFgl5mXXESAiSwt776","revision":5328,"tracking-channel":"stable","refreshed-date":"2018-08-31T19:39:54.249321956+03:00"},{"snap-id":"buPKUD3TKqCOgLEjjHx5kSiCpIs5cMuQ","instance-key":"buPKUD3TKqCOgLEjjHx5kSiCpIs5cMuQ","revision":27,"tracking-channel":"stable","refreshed-date":"2018-06-30T11:55:11.548+03:00"}],"actions":[{"action":"install","instance-key":"install-1","name":"opensshd","channel":"stable"}],"fields":["architectures","base","confinement","contact","created-at","description","download","epoch","license","name","prices","private","publisher","revision","snap-id","snap-yaml","summary","title","type","version","media","common-ids"]}


install
opensshd

